Build started 4/2/2013 4:47:26 PM.
     1>Project "\\warehouse.cec.wustl.edu\home\links\dag5\my documents\visual studio 2010\Projects\Lab4_2\Lab4_2\Lab4_2.vcxproj" on node 2 (build target(s)).
     1>InitializeBuildStatus:
         Touching "Debug\Lab4_2.unsuccessfulbuild".
       ClCompile:
         All outputs are up-to-date.
         c:\Program Files (x86)\Microsoft Visual Studio 10.0\VC\bin\CL.exe /c /ZI /nologo /W3 /WX- /Od /Oy- /D WIN32 /D _DEBUG /D _CONSOLE /D _UNICODE /D UNICODE /Gm /EHsc /RTC1 /MDd /GS /fp:precise /Zc:wchar_t /Zc:forScope /Yu"StdAfx.h" /Fp"Debug\Lab4_2.pch" /Fo"Debug\\" /Fd"Debug\vc100.pdb" /Gd /TP /analyze- /errorReport:prompt FiveCardDraw.cpp game.cpp
         game.cpp
         FiveCardDraw.cpp
         Generating Code...
       ManifestResourceCompile:
         C:\Program Files (x86)\Microsoft SDKs\Windows\v7.0A\bin\rc.exe /nologo /fo"Debug\Lab4_2.exe.embed.manifest.res" Debug\Lab4_2_manifest.rc 
       Link:
         c:\Program Files (x86)\Microsoft Visual Studio 10.0\VC\bin\link.exe /ERRORREPORT:PROMPT /OUT:"\\warehouse.cec.wustl.edu\home\links\dag5\my documents\visual studio 2010\Projects\Lab4_2\Debug\Lab4_2.exe" /INCREMENTAL /NOLOGO kernel32.lib user32.lib gdi32.lib winspool.lib comdlg32.lib advapi32.lib shell32.lib ole32.lib oleaut32.lib uuid.lib odbc32.lib odbccp32.lib /MANIFEST /ManifestFile:"Debug\Lab4_2.exe.intermediate.manifest" /MANIFESTUAC:"level='asInvoker' uiAccess='false'" /DEBUG /PDB:"\\warehouse.cec.wustl.edu\home\links\dag5\my documents\visual studio 2010\Projects\Lab4_2\Debug\Lab4_2.pdb" /SUBSYSTEM:CONSOLE /TLBID:1 /DYNAMICBASE /NXCOMPAT /IMPLIB:"\\warehouse.cec.wustl.edu\home\links\dag5\my documents\visual studio 2010\Projects\Lab4_2\Debug\Lab4_2.lib" /MACHINE:X86 Debug\Lab4_2.exe.embed.manifest.res
         Debug\Card.obj
         Debug\Deck.obj
         Debug\FiveCardDraw.obj
         Debug\game.obj
         Debug\Hand.obj
         Debug\Lab4_2.obj
         Debug\Player.obj
         Debug\Poker.obj
         Debug\stdafx.obj
       Manifest:
         C:\Program Files (x86)\Microsoft SDKs\Windows\v7.0A\bin\mt.exe /nologo /verbose /out:"Debug\Lab4_2.exe.embed.manifest" /manifest Debug\Lab4_2.exe.intermediate.manifest
         C:\Program Files (x86)\Microsoft SDKs\Windows\v7.0A\bin\rc.exe /nologo /fo"Debug\Lab4_2.exe.embed.manifest.res" Debug\Lab4_2_manifest.rc 
       LinkEmbedManifest:
         c:\Program Files (x86)\Microsoft Visual Studio 10.0\VC\bin\link.exe /ERRORREPORT:PROMPT /OUT:"\\warehouse.cec.wustl.edu\home\links\dag5\my documents\visual studio 2010\Projects\Lab4_2\Debug\Lab4_2.exe" /INCREMENTAL /NOLOGO kernel32.lib user32.lib gdi32.lib winspool.lib comdlg32.lib advapi32.lib shell32.lib ole32.lib oleaut32.lib uuid.lib odbc32.lib odbccp32.lib /MANIFEST /ManifestFile:"Debug\Lab4_2.exe.intermediate.manifest" /MANIFESTUAC:"level='asInvoker' uiAccess='false'" /DEBUG /PDB:"\\warehouse.cec.wustl.edu\home\links\dag5\my documents\visual studio 2010\Projects\Lab4_2\Debug\Lab4_2.pdb" /SUBSYSTEM:CONSOLE /TLBID:1 /DYNAMICBASE /NXCOMPAT /IMPLIB:"\\warehouse.cec.wustl.edu\home\links\dag5\my documents\visual studio 2010\Projects\Lab4_2\Debug\Lab4_2.lib" /MACHINE:X86 Debug\Lab4_2.exe.embed.manifest.res
         Debug\Card.obj
         Debug\Deck.obj
         Debug\FiveCardDraw.obj
         Debug\game.obj
         Debug\Hand.obj
         Debug\Lab4_2.obj
         Debug\Player.obj
         Debug\Poker.obj
         Debug\stdafx.obj
         Lab4_2.vcxproj -> \\warehouse.cec.wustl.edu\home\links\dag5\my documents\visual studio 2010\Projects\Lab4_2\Debug\Lab4_2.exe
       FinalizeBuildStatus:
         Deleting file "Debug\Lab4_2.unsuccessfulbuild".
         Touching "Debug\Lab4_2.lastbuildstate".
     1>Done Building Project "\\warehouse.cec.wustl.edu\home\links\dag5\my documents\visual studio 2010\Projects\Lab4_2\Lab4_2\Lab4_2.vcxproj" (build target(s)).

Build succeeded.

Time Elapsed 00:00:06.41
